<?xml version="1.0" encoding="UTF-8"?>
<testng-results skipped="3" failed="0" total="3" passed="0">
  <reporter-output>
  </reporter-output>
  <suite name="Default suite" duration-ms="27718" started-at="2017-03-24T06:35:42Z" finished-at="2017-03-24T06:36:09Z">
    <groups>
    </groups>
    <test name="Default test" duration-ms="27718" started-at="2017-03-24T06:35:42Z" finished-at="2017-03-24T06:36:09Z">
      <class name="com.toolsqa.FinalPomFrameWork.Login_TestCasewith_DataProvider">
        <test-method status="FAIL" signature="setup()[pri:0, instance:com.toolsqa.FinalPomFrameWork.Login_TestCasewith_DataProvider@55d56113]" name="setup" is-config="true" duration-ms="0" started-at="2017-03-23T23:35:42Z" finished-at="2017-03-23T23:35:42Z">
          <exception class="java.lang.NullPointerException">
            <full-stacktrace>
              <![CDATA[java.lang.NullPointerException
	at org.openqa.selenium.support.pagefactory.DefaultElementLocator.findElement(DefaultElementLocator.java:69)
	at org.openqa.selenium.support.pagefactory.internal.LocatingElementHandler.invoke(LocatingElementHandler.java:38)
	at com.sun.proxy.$Proxy8.click(Unknown Source)
	at com.toolsqa.FinalPomFrameWork.HomePage_POM_DataProvider.clickOnHomepage(HomePage_POM_DataProvider.java:20)
	at com.toolsqa.FinalPomFrameWork.Login_TestCasewith_DataProvider.setup(Login_TestCasewith_DataProvider.java:38)
	at sun.reflect.NativeMethodAccessorImpl.invoke0(Native Method)
	at sun.reflect.NativeMethodAccessorImpl.invoke(NativeMethodAccessorImpl.java:62)
	at sun.reflect.DelegatingMethodAccessorImpl.invoke(DelegatingMethodAccessorImpl.java:43)
	at java.lang.reflect.Method.invoke(Method.java:498)
	at org.testng.internal.MethodInvocationHelper.invokeMethod(MethodInvocationHelper.java:85)
	at org.testng.internal.Invoker.invokeConfigurationMethod(Invoker.java:510)
	at org.testng.internal.Invoker.invokeConfigurations(Invoker.java:211)
	at org.testng.internal.Invoker.invokeConfigurations(Invoker.java:138)
	at org.testng.TestRunner.beforeRun(TestRunner.java:648)
	at org.testng.TestRunner.run(TestRunner.java:616)
	at org.testng.SuiteRunner.runTest(SuiteRunner.java:359)
	at org.testng.SuiteRunner.runSequentially(SuiteRunner.java:354)
	at org.testng.SuiteRunner.privateRun(SuiteRunner.java:312)
	at org.testng.SuiteRunner.run(SuiteRunner.java:261)
	at org.testng.SuiteRunnerWorker.runSuite(SuiteRunnerWorker.java:52)
	at org.testng.SuiteRunnerWorker.run(SuiteRunnerWorker.java:86)
	at org.testng.TestNG.runSuitesSequentially(TestNG.java:1215)
	at org.testng.TestNG.runSuitesLocally(TestNG.java:1140)
	at org.testng.TestNG.run(TestNG.java:1048)
	at org.testng.remote.AbstractRemoteTestNG.run(AbstractRemoteTestNG.java:132)
	at org.testng.remote.RemoteTestNG.initAndRun(RemoteTestNG.java:230)
	at org.testng.remote.RemoteTestNG.main(RemoteTestNG.java:76)
]]>
            </full-stacktrace>
          </exception> <!-- java.lang.NullPointerException -->
          <reporter-output>
          </reporter-output>
        </test-method> <!-- setup -->
        <test-method status="SKIP" signature="login(java.lang.String, java.lang.String)[pri:0, instance:com.toolsqa.FinalPomFrameWork.Login_TestCasewith_DataProvider@55d56113]" name="login" duration-ms="4" started-at="2017-03-23T23:36:09Z" data-provider="POIRead" finished-at="2017-03-23T23:36:09Z">
          <params>
            <param index="0">
              <value>
                <![CDATA[UserName]]>
              </value>
            </param>
            <param index="1">
              <value>
                <![CDATA[Password]]>
              </value>
            </param>
          </params>
          <reporter-output>
          </reporter-output>
        </test-method> <!-- login -->
        <test-method status="SKIP" signature="login(java.lang.String, java.lang.String)[pri:0, instance:com.toolsqa.FinalPomFrameWork.Login_TestCasewith_DataProvider@55d56113]" name="login" duration-ms="3" started-at="2017-03-23T23:36:09Z" data-provider="POIRead" finished-at="2017-03-23T23:36:09Z">
          <params>
            <param index="0">
              <value>
                <![CDATA[aaaaa]]>
              </value>
            </param>
            <param index="1">
              <value>
                <![CDATA[aaaaa]]>
              </value>
            </param>
          </params>
          <reporter-output>
          </reporter-output>
        </test-method> <!-- login -->
        <test-method status="SKIP" signature="login(java.lang.String, java.lang.String)[pri:0, instance:com.toolsqa.FinalPomFrameWork.Login_TestCasewith_DataProvider@55d56113]" name="login" duration-ms="2" started-at="2017-03-23T23:36:09Z" data-provider="POIRead" finished-at="2017-03-23T23:36:09Z">
          <params>
            <param index="0">
              <value>
                <![CDATA[bbbbb]]>
              </value>
            </param>
            <param index="1">
              <value>
                <![CDATA[bbb]]>
              </value>
            </param>
          </params>
          <reporter-output>
          </reporter-output>
        </test-method> <!-- login -->
        <test-method status="SKIP" signature="teardown()[pri:0, instance:com.toolsqa.FinalPomFrameWork.Login_TestCasewith_DataProvider@55d56113]" name="teardown" is-config="true" duration-ms="0" started-at="2017-03-23T23:36:09Z" finished-at="2017-03-23T23:36:09Z">
          <reporter-output>
          </reporter-output>
        </test-method> <!-- teardown -->
      </class> <!-- com.toolsqa.FinalPomFrameWork.Login_TestCasewith_DataProvider -->
    </test> <!-- Default test -->
  </suite> <!-- Default suite -->
</testng-results>
