<?xml version="1.0" encoding="UTF-8"?>
<!-- Generated by org.testng.reporters.JUnitXMLReporter -->
<testsuite hostname="DESKTOP-5IC372P" name="Test" tests="5" failures="2" timestamp="30 Mar 2017 12:45:23 GMT" time="0.105" errors="0">
  <testcase name="show5" time="0.023" classname="com.selenium.testNG.Testng5">
    <failure type="java.lang.AssertionError">
      <![CDATA[java.lang.AssertionError: 
	at com.selenium.testNG.Testng5.show5(Testng5.java:16)
... Removed 27 stack frames]]>
    </failure>
  </testcase> <!-- show5 -->
  <testcase name="show1" time="0.003" classname="com.selenium.testNG.Testng1"/>
  <testcase name="show2" time="0.009" classname="com.selenium.testNG.Testng2">
    <failure type="java.lang.AssertionError">
      <![CDATA[java.lang.AssertionError: 
	at com.selenium.testNG.Testng2.show2(Testng2.java:13)
... Removed 27 stack frames]]>
    </failure>
  </testcase> <!-- show2 -->
  <testcase name="show3" time="0.006" classname="com.selenium.testNG.Testng3"/>
  <testcase name="show4" time="0.003" classname="com.selenium.testNG.Testng4"/>
</testsuite> <!-- Test -->
