<?xml version="1.0" encoding="UTF-8"?>
<!-- Generated by org.testng.reporters.JUnitXMLReporter -->
<testsuite hostname="DESKTOP-5IC372P" name="Default test(failed)" tests="1" failures="1" timestamp="16 Sep 2017 16:16:16 GMT" time="0.029" errors="0">
  <testcase name="show5" time="0.012" classname="com.selenium.TestNG.Testng5">
    <failure type="java.lang.AssertionError" message="expected [true] but found [false]">
      <![CDATA[java.lang.AssertionError: expected [true] but found [false]
	at com.selenium.TestNG.Testng5.show5(Testng5.java:14)
	at com.selenium.TestNG.RerunFailedtestcases.main(RerunFailedtestcases.java:16)
... Removed 25 stack frames]]>
    </failure>
  </testcase> <!-- show5 -->
</testsuite> <!-- Default test(failed) -->
