<?xml version="1.0" encoding="UTF-8"?>
<testng-results skipped="0" failed="0" total="1" passed="1">
  <reporter-output>
  </reporter-output>
  <suite name="Default suite" duration-ms="39298" started-at="2017-03-23T23:38:49Z" finished-at="2017-03-23T23:39:28Z">
    <groups>
    </groups>
    <test name="Default test" duration-ms="39298" started-at="2017-03-23T23:38:49Z" finished-at="2017-03-23T23:39:28Z">
      <class name="com.Gmaillogin.TestCases.TC_login">
        <test-method status="PASS" signature="setup()[pri:0, instance:com.Gmaillogin.TestCases.TC_login@573f2bb1]" name="setup" is-config="true" duration-ms="14" started-at="2017-03-23T16:38:49Z" finished-at="2017-03-23T16:38:49Z">
          <reporter-output>
          </reporter-output>
        </test-method> <!-- setup -->
        <test-method status="PASS" signature="login()[pri:0, instance:com.Gmaillogin.TestCases.TC_login@573f2bb1]" name="login" duration-ms="38585" started-at="2017-03-23T16:38:49Z" finished-at="2017-03-23T16:39:27Z">
          <reporter-output>
          </reporter-output>
        </test-method> <!-- login -->
        <test-method status="PASS" signature="teardown()[pri:0, instance:com.Gmaillogin.TestCases.TC_login@573f2bb1]" name="teardown" is-config="true" duration-ms="671" started-at="2017-03-23T16:39:27Z" finished-at="2017-03-23T16:39:28Z">
          <reporter-output>
          </reporter-output>
        </test-method> <!-- teardown -->
      </class> <!-- com.Gmaillogin.TestCases.TC_login -->
    </test> <!-- Default test -->
  </suite> <!-- Default suite -->
</testng-results>
